At time 1 process 1 started arr 1 total 20 remain 20 wait 0
At time 3 process 1 stopped arr 1 total 20 remain 18 wait 0
At time 3 process 2 started arr 2 total 15 remain 15 wait 1
At time 5 process 2 stopped arr 2 total 15 remain 13 wait 1
At time 5 process 3 started arr 3 total 10 remain 10 wait 2
At time 7 process 3 stopped arr 3 total 10 remain 8 wait 2
At time 7 process 1 resumed arr 1 total 20 remain 18 wait 4
At time 9 process 1 stopped arr 1 total 20 remain 16 wait 4
At time 9 process 4 started arr 4 total 8 remain 8 wait 5
At time 11 process 4 stopped arr 4 total 8 remain 6 wait 5
At time 11 process 5 started arr 5 total 5 remain 5 wait 6
At time 13 process 5 stopped arr 5 total 5 remain 3 wait 6
At time 13 process 2 resumed arr 2 total 15 remain 13 wait 9
At time 15 process 2 stopped arr 2 total 15 remain 11 wait 9
At time 17 process 3 resumed arr 3 total 10 remain 8 wait 13
At time 19 process 3 stopped arr 3 total 10 remain 6 wait 13
At time 19 process 1 resumed arr 1 total 20 remain 16 wait 14
At time 21 process 1 stopped arr 1 total 20 remain 14 wait 14
At time 21 process 4 resumed arr 4 total 8 remain 6 wait 15
At time 23 process 4 stopped arr 4 total 8 remain 4 wait 15
At time 23 process 5 resumed arr 5 total 5 remain 3 wait 16
At time 25 process 5 stopped arr 5 total 5 remain 1 wait 16
At time 25 process 2 resumed arr 2 total 15 remain 11 wait 19
At time 27 process 2 stopped arr 2 total 15 remain 9 wait 19
At time 27 process 3 resumed arr 3 total 10 remain 6 wait 21
At time 29 process 3 stopped arr 3 total 10 remain 4 wait 21
At time 29 process 1 resumed arr 1 total 20 remain 14 wait 22
At time 31 process 1 stopped arr 1 total 20 remain 12 wait 22
At time 31 process 4 resumed arr 4 total 8 remain 4 wait 23
At time 33 process 4 stopped arr 4 total 8 remain 2 wait 23
At time 33 process 5 resumed arr 5 total 5 remain 1 wait 24
At time 34 process 5 finished arr 5 total 5 remain 0 wait 24 TA 29 WTA 5.8
At time 34 process 2 resumed arr 2 total 15 remain 9 wait 28
At time 36 process 2 stopped arr 2 total 15 remain 7 wait 28
At time 36 process 3 resumed arr 3 total 10 remain 4 wait 28
At time 38 process 3 stopped arr 3 total 10 remain 2 wait 28
At time 38 process 1 resumed arr 1 total 20 remain 12 wait 29
At time 40 process 1 stopped arr 1 total 20 remain 10 wait 29
At time 40 process 4 resumed arr 4 total 8 remain 2 wait 30
At time 42 process 4 finished arr 4 total 8 remain 0 wait 30 TA 38 WTA 4.75
At time 42 process 2 resumed arr 2 total 15 remain 7 wait 37
At time 44 process 2 stopped arr 2 total 15 remain 5 wait 37
At time 44 process 3 resumed arr 3 total 10 remain 2 wait 34
At time 46 process 3 finished arr 3 total 10 remain 0 wait 34 TA 43 WTA 4.3
At time 46 process 1 resumed arr 1 total 20 remain 10 wait 37
At time 48 process 1 stopped arr 1 total 20 remain 8 wait 37
At time 48 process 6 started arr 6 total 6 remain 6 wait 42
At time 50 process 6 stopped arr 6 total 6 remain 4 wait 42
At time 50 process 7 started arr 6 total 6 remain 6 wait 44
At time 52 process 7 stopped arr 6 total 6 remain 4 wait 44
At time 52 process 2 resumed arr 2 total 15 remain 5 wait 83
At time 54 process 2 stopped arr 2 total 15 remain 3 wait 83
At time 54 process 1 resumed arr 1 total 20 remain 8 wait 43
At time 56 process 1 stopped arr 1 total 20 remain 6 wait 43
At time 56 process 6 resumed arr 6 total 6 remain 4 wait 48
At time 58 process 6 stopped arr 6 total 6 remain 2 wait 48
At time 58 process 7 resumed arr 6 total 6 remain 4 wait 50
At time 60 process 7 stopped arr 6 total 6 remain 2 wait 50
At time 60 process 2 resumed arr 2 total 15 remain 3 wait 89
At time 62 process 2 stopped arr 2 total 15 remain 1 wait 89
At time 62 process 1 resumed arr 1 total 20 remain 6 wait 49
At time 64 process 1 stopped arr 1 total 20 remain 4 wait 49
At time 64 process 6 resumed arr 6 total 6 remain 2 wait 54
At time 66 process 6 finished arr 6 total 6 remain 0 wait 54 TA 60 WTA 10
At time 66 process 7 resumed arr 6 total 6 remain 2 wait 58
At time 68 process 7 finished arr 6 total 6 remain 0 wait 58 TA 62 WTA 10.33
At time 68 process 2 resumed arr 2 total 15 remain 1 wait 97
At time 69 process 2 finished arr 2 total 15 remain 0 wait 97 TA 67 WTA 4.46
At time 69 process 1 resumed arr 1 total 20 remain 4 wait 56
At time 71 process 1 stopped arr 1 total 20 remain 2 wait 56
At time 71 process 8 started arr 6 total 6 remain 6 wait 65
At time 73 process 8 stopped arr 6 total 6 remain 4 wait 65
At time 73 process 1 resumed arr 1 total 20 remain 2 wait 58
At time 75 process 1 finished arr 1 total 20 remain 0 wait 58 TA 74 WTA 3.7
At time 75 process 8 resumed arr 6 total 6 remain 4 wait 69
At time 77 process 8 stopped arr 6 total 6 remain 2 wait 69
At time 77 process 8 resumed arr 6 total 6 remain 2 wait 69
At time 79 process 8 finished arr 6 total 6 remain 0 wait 69 TA 73 WTA 12.17
