At time  1  process  0 arrived  arr  1  total  7  remain  7  wait  0
At time  1  process  1 arrived  arr  1  total  2  remain  2  wait  0
At time  1  process  0 started  arr  1  total  7  remain  7  wait  0
At time  2  process  2 arrived  arr  2  total  1  remain  1  wait  0
At time  2  process  0 stopped  arr  1  total  7  remain  6  wait  0
At time  2  process  1 started  arr  1  total  2  remain  2  wait  1
At time  3  process  3 arrived  arr  3  total  4  remain  4  wait  0
At time  3  process  1 stopped  arr  1  total  2  remain  1  wait  1
At time  3  process  2 started  arr  2  total  1  remain  1  wait  1
At time  4  process  2 finished  arr  2  total  1  remain  0  wait  1 ta 2  wta  2.000000
At time  4  process  0 resumed  arr  1  total  7  remain  6  wait  2
At time  5  process  0 stopped  arr  1  total  7  remain  5  wait  2
At time  5  process  3 started  arr  3  total  4  remain  4  wait  2
At time  6  process  3 stopped  arr  3  total  4  remain  3  wait  2
At time  6  process  1 resumed  arr  1  total  2  remain  1  wait  4
At time  7  process  1 finished  arr  1  total  2  remain  0  wait  4 ta 6  wta  3.000000
At time  7  process  0 resumed  arr  1  total  7  remain  5  wait  6
At time  8  process  0 stopped  arr  1  total  7  remain  4  wait  6
At time  8  process  3 resumed  arr  3  total  4  remain  3  wait  4
At time  9  process  3 stopped  arr  3  total  4  remain  2  wait  4
At time  9  process  0 resumed  arr  1  total  7  remain  4  wait  7
At time  10  process  0 stopped  arr  1  total  7  remain  2  wait  7
At time  10  process  3 resumed  arr  3  total  4  remain  2  wait  5
At time  11  process  3 stopped  arr  3  total  4  remain  0  wait  5
At time  11  process  0 resumed  arr  1  total  7  remain  2  wait  8
At time  12  process  0 stopped  arr  1  total  7  remain  0  wait  8
At time  12  process  3 resumed  arr  3  total  4  remain  0  wait  6
At time  12  process  3 finished  arr  3  total  4  remain  0  wait  6 ta 9  wta  2.250000
At time  13  process  0 resumed  arr  1  total  7  remain  0  wait  10
At time  13  process  0 finished  arr  1  total  7  remain  0  wait  10 ta 12  wta  1.710000
