At time 1 process 1 started arr 1 total 20 remain 20 wait 0
At time 2 process 1 stopped arr 1 total 20 remain 19 wait 0
At time 2 process 2 started arr 2 total 15 remain 15 wait 0
At time 3 process 2 stopped arr 2 total 15 remain 14 wait 0
At time 3 process 3 started arr 3 total 10 remain 10 wait 0
At time 4 process 3 stopped arr 3 total 10 remain 9 wait 0
At time 4 process 4 started arr 4 total 8 remain 8 wait 0
At time 5 process 4 stopped arr 4 total 8 remain 7 wait 0
At time 5 process 5 started arr 5 total 5 remain 5 wait 0
At time 10 process 5 finished arr 5 total 5 remain 0 wait 0 TA 5 WTA 1
At time 10 process 4 resumed arr 4 total 8 remain 7 wait 5
At time 17 process 4 finished arr 4 total 8 remain 0 wait 5 TA 13 WTA 1.63
At time 17 process 6 started arr 6 total 6 remain 6 wait 11
At time 23 process 6 finished arr 6 total 6 remain 0 wait 11 TA 17 WTA 2.83
At time 23 process 7 started arr 6 total 6 remain 6 wait 17
At time 29 process 7 finished arr 6 total 6 remain 0 wait 17 TA 23 WTA 3.83
At time 29 process 8 started arr 6 total 6 remain 6 wait 23
At time 35 process 8 finished arr 6 total 6 remain 0 wait 23 TA 29 WTA 4.83
At time 35 process 3 resumed arr 3 total 10 remain 9 wait 29
At time 44 process 3 finished arr 3 total 10 remain 0 wait 29 TA 41 WTA 4.1
At time 44 process 2 resumed arr 2 total 15 remain 14 wait 40
At time 58 process 2 finished arr 2 total 15 remain 0 wait 40 TA 56 WTA 3.73
At time 58 process 1 resumed arr 1 total 20 remain 19 wait 55
At time 77 process 1 finished arr 1 total 20 remain 0 wait 55 TA 76 WTA 3.8
